[16:52:59] [Server thread/INFO]: Starting minecraft server version 1.7.10
[16:54:30] [Server thread/INFO]: Loading properties
[16:54:31] [Server thread/INFO]: Default game type:[16:55:23] [Client thread/INFO]: Reloading ResourceManager: Default, FMLFileResourcePack:Forge Mod Loader, FMLFileResourcePack:Minecraft Forge, FMLFileResourcePack:Not Enough Items, FMLFileResourcePack:Elrol's GUI Elevator
[16:55:38] [Sound Library Loader/INFO]: Sound engine started
[16:56:05] [Client thread/INFO]: Created: 16x16 textures/blocks-atlas
[16:56:05] [Client thread/INFO]: Created: 16x16 textures/items-atlas
[16:56:17] [Client thread/INFO]: Reloading ResourceManager: Default, FMLFileResourcePack:Forge Mod Loader, FMLFileResourcePack:Minecraft Forge, FMLFileResourcePack:Not Enough Items, FMLFileResourcePack:Elrol's GUI Elevator
[16:56:22] [Client thread/INFO]: Created: 512x256 textures/blocks-atlas
[16:56:24] [Client thread/INFO]: Created: 256x256 textures/items-atlas
[16:56:25] [Sound Library Loader/INFO]: Sound engine started
[16:57:43] [Client thread/INFO]: Connecting to localhost, 25565
[16:58:20] [Client thread/INFO]: Connecting to localhost, 25565
[16:58:38] [Client thread/INFO]: [CHAT] codechickencore.update
[16:58:48] [Client thread/INFO]: [CHAT] Player296 has just earned the achievement [Taking Inventory]
[16:59:01] [Client thread/INFO]: [CHAT] [Server: Opped Player296]
[16:59:09] [Client thread/INFO]: [CHAT] Given [Elevator] * 64 to Player296
[17:01:14] [Client thread/INFO]: [CHAT] Player296 was shot by Skeleton
[17:03:28] [Client thread/INFO]: Stopping!
9ms behind, skipping 70 tick(s)
[16:55:37] [Server thread/WARN]: Can't keep up! Did the system time change, or is the server overloaded? Running 11910ms behind, skipping 238 tick(s)
[16:56:10] [Server thread/WARN]: Can't keep up! Did the system time change, or is the server overloaded? Running 8795ms behind, skipping 175 tick(s)
[16:56:20] [Server thread/WARN]: Can't keep up! Did the system time change, or is the server overloaded? Running 2425ms behind, skipping 48 tick(s)
[16:58:22] [Server thread/WARN]: Can't keep up! Did the system time change, or is the server overloaded? Running 2336ms behind, skipping 46 tick(s)
[16:58:24] [Server thread/INFO]: Player296[/127.0.0.1:58114] logged in with entity id 356 at (77.5, 69.0, 252.5)
[16:58:25] [Server thread/INFO]: Player296 joined the game
[16:58:47] [Server thread/INFO]: Player296 has just earned the achievement [Taking Inventory]
[16:58:50] [Server thread/WARN]: Can't keep up! Did the system time change, or is the server overloaded? Running 11248ms behind, skipping 224 tick(s)
[16:59:01] [Server thread/INFO]: Opped Player296
[16:59:05] [Server thread/WARN]: Can't keep up! Did the system time change, or is the server overloaded? Running 5393ms behind, skipping 107 tick(s)
[16:59:09] [Server thread/INFO]: [Player296: Given [Elevator] * 64 to Player296]
[16:59:23] [Server thread/WARN]: Can't keep up! Did the system time change, or is the server overloaded? Running 6005ms behind, skipping 120 tick(s)
[16:59:52] [Server thread/WARN]: Can't keep up! Did the system time change, or is the server overloaded? Running 2214ms behind, skipping 44 tick(s)
[17:00:14] [Server thread/WARN]: Can't keep up! Did the system time change, or is the server overloaded? Running 6400ms behind, skipping 128 tick(s)
[17:00:38] [Server thread/WARN]: Can't keep up! Did the system time change, or is the server overloaded? Running 10638ms behind, skipping 212 tick(s)
[17:00:52] [Server thread/WARN]: Can't keep up! Did the system time change, or is the server overloaded? Running 9138ms behind, skipping 182 tick(s)
[17:01:14] [Server thread/INFO]: Player296 was shot by Skeleton
[17:01:17] [Server thread/WARN]: Can't keep up! Did the system time change, or is the server overloaded? Running 18789ms behind, skipping 375 tick(s)
[17:01:22] [Server thread/WARN]: Can't keep up! Did the system time change, or is the server overloaded? Running 5292ms behind, skipping 105 tick(s)
[17:02:24] [Server thread/WARN]: Can't keep up! Did the system time change, or is the server overloaded? Running 36331ms behind, skipping 726 tick(s)
[17:02:28] [Server thread/WARN]: Can't keep up! Did the system time change, or is the server overloaded? Running 4860ms behind, skipping 97 tick(s)
[17:02:57] [Server thread/WARN]: Can't keep up! Did the system time change, or is the server overloaded? Running 16105ms behind, skipping 322 tick(s)
[17:03:00] [Server thread/WARN]: Can't keep up! Did the system time change, or is the server overloaded? Running 3929ms behind, skipping 78 tick(s)
[17:07:56] [main/INFO]: Setting user: Player762
[17:08:09] [Client thread/INFO]: LWJGL Version: 2.9.1
[17:09:23] [Client thread/INFO]: Reloading ResourceManager: Default, FMLFil[17:09:45] [Server thread/INFO]: Loading properties
[17:09:45] [Server thread/INFO]: Default game type: SURVIVAL
[17:09:45] [Server thread/INFO]: Generating keypair
[17:09:47] [Server thread/INFO]: Starting M[17:10:10] [Client thread/INFO]: Created: 16x16 textures/blocks-atlas
[17:10:10] [Client thread/INFO]: Created: 16x16 textures/items-atlas
[17:10:19] [Client thread/INFO]: Reloading ResourceManager: Default, FMLFileResourcePack:Forge Mod Loader, FMLFileResourcePack:Minecraft Forge, FMLFileResourcePack:Not Enough Items, FMLFileResourcePack:Elrol's GUI Elevator
[17:10:23] [Client thread/INFO]: Created: 512x256 textures/blocks-atlas
[17:10:24] [Client thread/INFO]: Created: 256x256 textures/items-atlas
[17:10:26] [Sound Library Loader/INFO]: Sound engine started
[17:11:11] [Client thread/INFO]: Connecting to localhost, 25565
[17:11:30] [Client thread/INFO]: [CHAT] codechickencore.update
[17:11:47] [Client thread/INFO]: [CHAT] Player762 has just earned the achievement [Taking Inventory]
[17:12:00] [Client thread/INFO]: [CHAT] Your game mode has been updated
[17:14:05] [Client thread/INFO]: Stopping!
area: 28%
[17:10:12] [Server thread/INFO]: Preparing spawn area: 30%
[17:10:13] [Server thread/INFO]: Preparing spawn area: 37%
[17:10:14] [Server thread/INFO]: Preparing spawn area: 42%
[17:10:15] [Server thread/INFO]: Preparing spawn area: 51%
[17:10:17] [Server thread/INFO]: Preparing spawn area: 59%
[17:10:18] [Server thread/INFO]: Preparing spawn area: 64%
[17:10:19] [Server thread/INFO]: Preparing spawn area: 73%
[17:10:20] [Server thread/INFO]: Preparing spawn area: 83%
[17:10:21] [Server thread/INFO]: Preparing spawn area: 91%
[17:10:21] [Server thread/INFO]: Done (28.511s)! For help, type "help" or "?"
[17:10:24] [Server thread/WARN]: Can't keep up! Did the system time change, or is the server overloaded? Running 2513ms behind, skipping 50 tick(s)
[17:11:03] [Server thread/WARN]: Can't keep up! Did the system time change, or is the server overloaded? Running 14346ms behind, skipping 286 tick(s)
[17:11:13] [Server thread/WARN]: Can't keep up! Did the system time change, or is the server overloaded? Running 2494ms behind, skipping 49 tick(s)
[17:11:14] [Server thread/INFO]: Player762[/127.0.0.1:58644] logged in with entity id 364 at (80.5, 69.0, 253.5)
[17:11:14] [Server thread/INFO]: Player762 joined the game
[17:11:47] [Server thread/INFO]: Player762 has just earned the achievement [Taking Inventory]
[17:12:10] [Server thread/INFO]: Set the time to 1000
[17:12:19] [Server thread/WARN]: Can't keep up! Did the system time change, or is the server overloaded? Running 27412ms behind, skipping 548 tick(s)
[17:12:21] [Server thread/WARN]: Can't keep up! Did the system time change, or is the server overloaded? Running 2362ms behind, skipping 47 tick(s)
[17:13:15] [Server thread/WARN]: Can't keep up! Did the system time change, or is the server overloaded? Running 32653ms behind, skipping 653 tick(s)
[17:13:18] [Server thread/WARN]: Can't keep up! Did the system time change, or is the server overloaded? Running 3556ms behind, skipping 71 tick(s)
[17:14:01] [Server thread/WARN]: Can't keep up! Did the system time change, or is the server overloaded? Running 26702ms behind, skipping 534 tick(s)
[17:14:05] [Server thread/WARN]: Can't keep up! Did the system time change, or is the server overloaded? Running 4088ms behind, skipping 81 tick(s)
[17:14:09] [Server thread/INFO]: Player762 lost connection: TranslatableComponent{key='disconnect.genericReason', args=[Internal Exception: java.io.IOException: An existing connection was forcibly closed by the remote host], siblings=[], style=Style{hasParent=false, color=null, bold=null, italic=null, underlined=null, obfuscated=null, clickEvent=null, hoverEvent=null}}
[17:14:09] [Server thread/INFO]: Player762 left the game
[17:14:17] [Server thread/INFO]: Stopping server
[17:14:17] [Server thread/INFO]: Saving players
[17:14:17] [Server thread/INFO]: Saving worlds
[17:14:17] [Server thread/INFO]: Saving chunks for level 'world'/Overworld
[17:14:18] [Server thread/INFO]: Saving chunks for level 'world'/Nether
[17:14:18] [Server thread/INFO]: Saving chunks for level 'world'/The End
