[07:23:26] [main/INFO]: Setting user: Player250
[07:23:40] [Client thread/INFO]: LWJGL Version: 2.9.1
[07:24:46] [Client thread/INFO]: Reloading ResourceManager: Default, FMLFileResourcePack:Forge Mod Loader, FMLFileResourcePack:Minecraft Forge, FMLFileResourcePack:Not Enough Items, FMLFileResourcePack:Elrol's GUI Elevator
[07:24:50] [Sound Library Loader/INFO]: Sound engine started
[07:25:21] [Client thread/INFO]: Created: 16x16 textures/blocks-atlas
[07:25:21] [Client thread/INFO]: Created: 16x16 textures/items-atlas
[07:25:25] [Client thread/INFO]: Reloading ResourceManager: Default, FMLFileResourcePack:Forge Mod Loader, FMLFileResourcePack:Minecraft Forge, FMLFileResourcePack:Not Enough Items, FMLFileResourcePack:Elrol's GUI Elevator
[07:25:26] [Client thread/INFO]: Created: 512x256 textures/blocks-atlas
[07:25:26] [Client thread/INFO]: Created: 256x256 textures/items-atlas
[07:25:27] [Sound Library Loader/INFO]: Sound engine started
[07:25:44] [Server thread/INFO]: Starting integrated minecraft server version 1.7.10
[07:25:44] [Server thread/INFO]: Generating keypair
[07:25:46] [Server thread/INFO]: Preparing start region for level 0
[07:25:47] [Server thread/INFO]: Preparing spawn area: 0%
[07:25:48] [Server thread/INFO]: Preparing spawn area: 47%
[07:25:49] [Server thread/INFO]: Preparing spawn area: 94%
[07:25:49] [Server thread/INFO]: Changing view distance to 2, from 10
[07:25:52] [Server thread/INFO]: Player250[local:E:4242623d] logged in with entity id 56 at (-271.57898706371327, 65.0, 47.5695120164736)
[07:25:52] [Server thread/INFO]: Player250 joined the game
[07:25:54] [Server thread/WARN]: Can't keep up! Did the system time change, or is the server overloaded? Running 2052ms behind, skipping 41 tick(s)
[07:26:00] [Client thread/INFO]: [CHAT] codechickencore.update
[07:26:08] [Client thread/INFO]: [CHAT] Current Floor: Floor 1
[07:26:10] [Server thread/INFO]: Saving and pausing game...
[07:26:10] [Server thread/INFO]: Saving chunks for level 'Test 7'/Overworld
[07:26:10] [Server thread/INFO]: Saving chunks for level 'Test 7'/Nether
[07:26:10] [Server thread/INFO]: Saving chunks for level 'Test 7'/The End
[07:26:22] [Client thread/INFO]: [CHAT] Current Floor: Floor 1
[07:26:36] [Client thread/INFO]: [CHAT] Current Floor: Floor 2
[07:26:38] [Client thread/INFO]: [CHAT] Current Floor: Floor 1
[07:26:40] [Client thread/INFO]: [CHAT] Current Floor: Floor 1
[07:26:42] [Client thread/INFO]: [CHAT] Current Floor: Floor 1
[07:26:43] [Client thread/INFO]: [CHAT] Current Floor: Floor 1
[07:26:44] [Client thread/INFO]: [CHAT] Current Floor: Floor 1
[07:26:44] [Client thread/INFO]: [CHAT] Current Floor: Floor 1
[07:26:45] [Client thread/INFO]: [CHAT] Current Floor: Floor 1
[07:26:45] [Client thread/INFO]: [CHAT] Current Floor: Floor 1
[07:26:47] [Client thread/INFO]: [CHAT] Current Floor: Floor 1
[07:26:49] [Server thread/INFO]: Saving and pausing game...
[07:26:49] [Server thread/INFO]: Saving chunks for level 'Test 7'/Overworld
[07:26:49] [Server thread/INFO]: Saving chunks for level 'Test 7'/Nether
[07:26:49] [Server thread/INFO]: Saving chunks for level 'Test 7'/The End
[07:26:53] [Server thread/INFO]: Stopping server
[07:26:53] [Server thread/INFO]: Saving players
[07:26:53] [Server thread/INFO]: Saving worlds
[07:26:53] [Server thread/INFO]: Saving chunks for level 'Test 7'/Overworld
[07:26:53] [Server thread/INFO]: Saving chunks for level 'Test 7'/Nether
[07:26:53] [Server thread/INFO]: Saving chunks for level 'Test 7'/The End
