[01:30:33] [Server thread/INFO]: Starting minecraft server version 1.7.10
[01:31:55] [Server thread/INFO]: Loading properties
[01:31:56] [Server thread/INFO]: Default game type: SURVIVAL
[01:31:56] [Server thread/INFO]: Generating keypair
[01:31:57] [Server thread/INFO]: Starting Minecraft server on *:25565
[01:31:58] [Server thread/WARN]: **** SERVER IS RUNNING IN OFFLINE/INSECURE MODE!
[01:31:58] [Server thread/WARN]: The server will make no attempt to authenticate usernames. Beware.
[01:31:58] [Server thread/WARN]: While this makes the game possible to play without internet access, it also opens up the ability for hackers to connect with any username they choose.
[01:31:58] [Server thread/WARN]: To change this, set "online-mode" to "true" in the server.properties file.
[01:32:02] [Server thread/INFO]: Preparing level "world"
[01:32:07] [Server thread/INFO]: Preparing start region for level 0
[01:32:08] [Server thread/INFO]: Preparing spawn area: 0%
[01:32:09] [Server thread/INFO]: Preparing spawn area: 4%
[01:32:10] [Server thread/INFO]: Preparing spawn area: 20%
[01:32:11] [Server thread/INFO]: Preparing spawn area: 42%
[01:32:13] [Server thread/INFO]: Preparing spawn area: 63%
[01:32:14] [Server thread/INFO]: Preparing spawn area: 83%
[01:32:16] [Server thread/INFO]: Preparing spawn area: 85%
[01:32:16] [Server thread/INFO]: Done (14.510s)! For help, type "help" or "?"
[01:32:19] [Server thread/WARN]: Can't keep up! Did the system time change, or is the server overloaded? Running 2594ms behind, skipping 51 tick(s)
[01:32:39] [Server thread/WARN]: Can't keep up! Did the system time change, or is the server overloaded? Running 6320ms behind, skipping 126 tick(s)
[01:32:51] [Server thread/WARN]: Can't keep up! Did the system time change, or is the server overloaded? Running 2781ms behind, skipping 55 tick(s)
