[07:20:12] [main/DEBUG] [FML/]: Injecting tracing printstreams for STDOUT/STDERR.
[07:20:12] [main/INFO] [FML/]: Forge Mod Loader version 7.99.36.1558 for Minecraft 1.7.10 loading
[07:20:12] [main/INFO] [FML/]: Java is Java HotSpot(TM) 64-Bit Server VM, version 1.8.0_31, running on Windows 8.1:amd64:6.3, installed at C:\Program Files\Java\jre1.8.0_31
[07:20:12] [main/DEBUG] [FML/]: Java classpath at launch is C:\Users\Monique\Desktop\Java Coding\Mods\GuiElevator [1.7.10]\bin;C:\Users\Monique\.gradle\caches\minecraft\net\minecraftforge\forge\1.7.10-10.13.4.1558-1.7.10\forgeSrc-1.7.10-10.13.4.1558-1.7.10.jar;C:\Users\Monique\.gradle\caches\modules-2\files-2.1\net.minecraft\launchwrapper\1.12\111e7bea9c968cdb3d06ef4632bf7ff0824d0f36\launchwrapper-1.12.jar;C:\Users\Monique\.gradle\caches\modules-2\files-2.1\com.google.code.findbugs\jsr305\1.3.9\40719ea6961c0cb6afaeb6a921eaa1f6afd4cfdf\jsr305-1.3.9.jar;C:\Users\Monique\.gradle\caches\modules-2\files-2.1\org.ow2.asm\asm-debug-all\5.0.3\f9e364ae2a66ce2a543012a4668856e84e5dab74\asm-debug-all-5.0.3.jar;C:\Users\Monique\.gradle\caches\modules-2\files-2.1\com.typesafe.akka\akka-actor_2.11\2.3.3\ed62e9fc709ca0f2ff1a3220daa8b70a2870078e\akka-actor_2.11-2.3.3.jar;C:\Users\Monique\.gradle\caches\modules-2\files-2.1\com.typesafe\config\1.2.1\f771f71fdae3df231bcd54d5ca2d57f0bf93f467\config-1.2.1.jar;C:\Users\Monique\.gradle\caches\modules-2\files-2.1\org.scala-lang\scala-actors-migration_2.11\1.1.0\dfa8bc42b181d5b9f1a5dd147f8ae308b893eb6f\scala-actors-migration_2.11-1.1.0.jar;C:\Users\Monique\.gradle\caches\modules-2\files-2.1\org.scala-lang\scala-compiler\2.11.1\56ea2e6c025e0821f28d73ca271218b8dd04926a\scala-compiler-2.11.1.jar;C:\Users\Monique\.gradle\caches\modules-2\files-2.1\org.scala-lang.plugins\scala-continuations-library_2.11\1.0.2\e517c53a7e9acd6b1668c5a35eccbaa3bab9aac\scala-continuations-library_2.11-1.0.2.jar;C:\Users\Monique\.gradle\caches\modules-2\files-2.1\org.scala-lang.plugins\scala-continuations-plugin_2.11.1\1.0.2\f361a3283452c57fa30c1ee69448995de23c60f7\scala-continuations-plugin_2.11.1-1.0.2.jar;C:\Users\Monique\.gradle\caches\modules-2\files-2.1\org.scala-lang\scala-library\2.11.1\e11da23da3eabab9f4777b9220e60d44c1aab6a\scala-library-2.11.1.jar;C:\Users\Monique\.gradle\caches\modules-2\files-2.1\org.scala-lang\scala-parser-combinators_2.11\1.0.1\f05d7345bf5a58924f2837c6c1f4d73a938e1ff0\scala-parser-combinators_2.11-1.0.1.jar;C:\Users\Monique\.gradle\caches\modules-2\files-2.1\org.scala-lang\scala-reflect\2.11.1\6580347e61cc7f8e802941e7fde40fa83b8badeb\scala-reflect-2.11.1.jar;C:\Users\Monique\.gradle\caches\modules-2\files-2.1\org.scala-lang\scala-swing_2.11\1.0.1\b1cdd92bd47b1e1837139c1c53020e86bb9112ae\scala-swing_2.11-1.0.1.jar;C:\Users\Monique\.gradle\caches\modules-2\files-2.1\org.scala-lang\scala-xml_2.11\1.0.2\7a80ec00aec122fba7cd4e0d4cdd87ff7e4cb6d0\scala-xml_2.11-1.0.2.jar;C:\Users\Monique\.gradle\caches\modules-2\files-2.1\net.sf.jopt-simple\jopt-simple\4.5\6065cc95c661255349c1d0756657be17c29a4fd3\jopt-simple-4.5.jar;C:\Users\Monique\.gradle\caches\modules-2\files-2.1\lzma\lzma\0.0.1\521616dc7487b42bef0e803bd2fa3faf668101d7\lzma-0.0.1.jar;C:\Users\Monique\.gradle\caches\modules-2\files-2.1\com.mojang\realms\1.3.5\807ae355ee63583becd7ea60e76aab1532bb42e\realms-1.3.5.jar;C:\Users\Monique\.gradle\caches\modules-2\files-2.1\org.apache.commons\commons-compress\1.8.1\a698750c16740fd5b3871425f4cb3bbaa87f529d\commons-compress-1.8.1.jar;C:\Users\Monique\.gradle\caches\modules-2\files-2.1\org.apache.httpcomponents\httpclient\4.3.3\18f4247ff4572a074444572cee34647c43e7c9c7\httpclient-4.3.3.jar;C:\Users\Monique\.gradle\caches\modules-2\files-2.1\commons-logging\commons-logging\1.1.3\f6f66e966c70a83ffbdb6f17a0919eaf7c8aca7f\commons-logging-1.1.3.jar;C:\Users\Monique\.gradle\caches\modules-2\files-2.1\org.apache.httpcomponents\httpcore\4.3.2\31fbbff1ddbf98f3aa7377c94d33b0447c646b6e\httpcore-4.3.2.jar;C:\Users\Monique\.gradle\caches\modules-2\files-2.1\java3d\vecmath\1.3.1\a0ae4f51da409fa0c20fa0ca59e6bbc9413ae71d\vecmath-1.3.1.jar;C:\Users\Monique\.gradle\caches\modules-2\files-2.1\net.sf.trove4j\trove4j\3.0.3\42ccaf4761f0dfdfa805c9e340d99a755907e2dd\trove4j-3.0.3.jar;C:\Users\Monique\.gradle\caches\modules-2\files-2.1\com.ibm.icu\icu4j-core-mojang\51.2\63d216a9311cca6be337c1e458e587f99d382b84\icu4j-core-mojang-51.2.jar;C:\Users\Monique\.gradle\caches\modules-2\files-2.1\com.paulscode\codecjorbis\20101023\c73b5636faf089d9f00e8732a829577de25237ee\codecjorbis-20101023.jar;C:\Users\Monique\.gradle\caches\modules-2\files-2.1\com.paulscode\codecwav\20101023\12f031cfe88fef5c1dd36c563c0a3a69bd7261da\codecwav-20101023.jar;C:\Users\Monique\.gradle\caches\modules-2\files-2.1\com.paulscode\libraryjavasound\20101123\5c5e304366f75f9eaa2e8cca546a1fb6109348b3\libraryjavasound-20101123.jar;C:\Users\Monique\.gradle\caches\modules-2\files-2.1\com.paulscode\librarylwjglopenal\20100824\73e80d0794c39665aec3f62eee88ca91676674ef\librarylwjglopenal-20100824.jar;C:\Users\Monique\.gradle\caches\modules-2\files-2.1\com.paulscode\soundsystem\20120107\419c05fe9be71f792b2d76cfc9b67f1ed0fec7f6\soundsystem-20120107.jar;C:\Users\Monique\.gradle\caches\modules-2\files-2.1\io.netty\netty-all\4.0.10.Final\9e50bd52ffe257a0e2cd8d971688d6ce7d174325\netty-all-4.0.10.Final.jar;C:\Users\Monique\.gradle\caches\modules-2\files-2.1\com.google.guava\guava\17.0\9c6ef172e8de35fd8d4d8783e4821e57cdef7445\guava-17.0.jar;C:\Users\Monique\.gradle\caches\modules-2\files-2.1\org.apache.commons\commons-lang3\3.3.2\90a3822c38ec8c996e84c16a3477ef632cbc87a3\commons-lang3-3.3.2.jar;C:\Users\Monique\.gradle\caches\modules-2\files-2.1\commons-io\commons-io\2.4\b1b6ea3b7e4aa4f492509a4952029cd8e48019ad\commons-io-2.4.jar;C:\Users\Monique\.gradle\caches\modules-2\files-2.1\commons-codec\commons-codec\1.9\9ce04e34240f674bc72680f8b843b1457383161a\commons-codec-1.9.jar;C:\Users\Monique\.gradle\caches\modules-2\files-2.1\net.java.jinput\jinput\2.0.5\39c7796b469a600f72380316f6b1f11db6c2c7c4\jinput-2.0.5.jar;C:\Users\Monique\.gradle\caches\modules-2\files-2.1\net.java.jutils\jutils\1.0.0\e12fe1fda814bd348c1579329c86943d2cd3c6a6\jutils-1.0.0.jar;C:\Users\Monique\.gradle\caches\modules-2\files-2.1\com.google.code.gson\gson\2.2.4\a60a5e993c98c864010053cb901b7eab25306568\gson-2.2.4.jar;C:\Users\Monique\.gradle\caches\modules-2\files-2.1\com.mojang\authlib\1.5.16\ef1582b11fd0943d069cdcb72e99008ac209a283\authlib-1.5.16.jar;C:\Users\Monique\.gradle\caches\modules-2\files-2.1\org.apache.logging.log4j\log4j-api\2.0-beta9\1dd66e68cccd907880229f9e2de1314bd13ff785\log4j-api-2.0-beta9.jar;C:\Users\Monique\.gradle\caches\modules-2\files-2.1\org.apache.logging.log4j\log4j-core\2.0-beta9\678861ba1b2e1fccb594bb0ca03114bb05da9695\log4j-core-2.0-beta9.jar;C:\Users\Monique\.gradle\caches\modules-2\files-2.1\org.lwjgl.lwjgl\lwjgl\2.9.1\f58c5aabcef0e41718a564be9f8e412fff8db847\lwjgl-2.9.1.jar;C:\Users\Monique\.gradle\caches\modules-2\files-2.1\org.lwjgl.lwjgl\lwjgl_util\2.9.1\290d7ba8a1bd9566f5ddf16ad06f09af5ec9b20e\lwjgl_util-2.9.1.jar;C:\Users\Monique\.gradle\caches\modules-2\files-2.1\tv.twitch\twitch\5.16\1f55f009c61637c10c0acfb8b5ffc600f30044b4\twitch-5.16.jar;C:\Users\Monique\.gradle\caches\modules-2\files-2.1\org.scala-lang\scala-actors\2.11.0\8ccfb6541de179bb1c4d45cf414acee069b7f78b\scala-actors-2.11.0.jar;C:\Users\Monique\.gradle\caches\modules-2\files-2.1\org.scala-lang.modules\scala-xml_2.11\1.0.2\820fbca7e524b530fdadc594c39d49a21ea0337e\scala-xml_2.11-1.0.2.jar;C:\Users\Monique\.gradle\caches\modules-2\files-2.1\org.scala-lang.modules\scala-parser-combinators_2.11\1.0.1\f05d7345bf5a58924f2837c6c1f4d73a938e1ff0\scala-parser-combinators_2.11-1.0.1.jar;C:\Users\Monique\.gradle\caches\modules-2\files-2.1\net.java.jinput\jinput-platform\2.0.5\7ff832a6eb9ab6a767f1ade2b548092d0fa64795\jinput-platform-2.0.5-natives-linux.jar;C:\Users\Monique\.gradle\caches\modules-2\files-2.1\net.java.jinput\jinput-platform\2.0.5\385ee093e01f587f30ee1c8a2ee7d408fd732e16\jinput-platform-2.0.5-natives-windows.jar;C:\Users\Monique\.gradle\caches\modules-2\files-2.1\net.java.jinput\jinput-platform\2.0.5\53f9c919f34d2ca9de8c51fc4e1e8282029a9232\jinput-platform-2.0.5-natives-osx.jar;C:\Users\Monique\.gradle\caches\modules-2\files-2.1\tv.twitch\twitch-platform\5.16\7c6affe439099806a4f552da14c42f9d643d8b23\twitch-platform-5.16-natives-windows-32.jar;C:\Users\Monique\.gradle\caches\modules-2\files-2.1\tv.twitch\twitch-platform\5.16\39d0c3d363735b4785598e0e7fbf8297c706a9f9\twitch-platform-5.16-natives-windows-64.jar;C:\Users\Monique\.gradle\caches\modules-2\files-2.1\tv.twitch\twitch-platform\5.16\62503ee712766cf77f97252e5902786fd834b8c5\twitch-platform-5.16-natives-osx.jar;C:\Users\Monique\.gradle\caches\modules-2\files-2.1\tv.twitch\twitch-external-platform\4.5\18215140f010c05b9f86ef6f0f8871954d2ccebf\twitch-external-platform-4.5-natives-windows-32.jar;C:\Users\Monique\.gradle\caches\modules-2\files-2.1\tv.twitch\twitch-external-platform\4.5\c3cde57891b935d41b6680a9c5e1502eeab76d86\twitch-external-platform-4.5-natives-windows-64.jar;C:\Users\Monique\.gradle\caches\modules-2\files-2.1\org.lwjgl.lwjgl\lwjgl-platform\2.9.1\4c517eca808522457dd95ee8fc1fbcdbb602efbe\lwjgl-platform-2.9.1-natives-windows.jar;C:\Users\Monique\.gradle\caches\modules-2\files-2.1\org.lwjgl.lwjgl\lwjgl-platform\2.9.1\aa9aae879af8eb378e22cfc64db56ec2ca9a44d1\lwjgl-platform-2.9.1-natives-linux.jar;C:\Users\Monique\.gradle\caches\modules-2\files-2.1\org.lwjgl.lwjgl\lwjgl-platform\2.9.1\2d12c83fdfbc04ecabf02c7bc8cc54d034f0daac\lwjgl-platform-2.9.1-natives-osx.jar;C:\Users\Monique\.gradle\caches\minecraft\net\minecraftforge\forge\1.7.10-10.13.4.1558-1.7.10\start
[07:20:12] [main/DEBUG] [FML/]: Java library path at launch is C:\Program Files\Java\jre1.8.0_31\bin;C:\WINDOWS\Sun\Java\bin;C:\WINDOWS\system32;C:\WINDOWS;C:/Program Files/Java/jre1.8.0_31/bin/server;C:/Program Files/Java/jre1.8.0_31/bin;C:/Program Files/Java/jre1.8.0_31/lib/amd64;C:\Program Files (x86)\NVIDIA Corporation\PhysX\Common;C:\ProgramData\Oracle\Java\javapath;C:\WINDOWS\system32;C:\WINDOWS;C:\WINDOWS\System32\Wbem;C:\WINDOWS\System32\WindowsPowerShell\v1.0\;C:\Program Files (x86)\ATI Technologies\ATI.ACE\Core-Static;C:\Program Files (x86)\QuickTime\QTSystem\;C:\Program Files (x86)\Skype\Phone\;C:\Program Files\Java\jdk1.8.0_31\bin;C:\Program Files\eclipse;;.
[07:20:12] [main/INFO] [FML/]: Managed to load a deobfuscated Minecraft name- we are in a deobfuscated environment. Skipping runtime deobfuscation
[07:20:12] [main/DEBUG] [FML/]: Instantiating coremod class FMLCorePlugin
[07:20:12] [main/DEBUG] [FML/]: Added access transformer class cpw.mods.fml.common.asm.transformers.AccessTransformer to enqueued access transformers
[07:20:12] [main/DEBUG] [FML/]: Enqueued coremod FMLCorePlugin
[07:20:12] [main/DEBUG] [FML/]: Instantiating coremod class FMLForgePlugin
[07:20:12] [main/DEBUG] [FML/]: Added access transformer class net.minecraftforge.transformers.ForgeAccessTransformer to enqueued access transformers
[07:20:12] [main/DEBUG] [FML/]: Enqueued coremod FMLForgePlugin
[07:20:12] [main/DEBUG] [FML/]: All fundamental core mods are successfully located
[07:20:12] [main/DEBUG] [FML/]: Attempting to load commandline specified mods, relative to C:\Users\Monique\Desktop\Java Coding\Mods\GuiElevator [1.7.10]\eclipse\.
[07:20:12] [main/DEBUG] [FML/]: Discovering coremods
[07:20:12] [main/DEBUG] [FML/]: Examining for coremod candidacy CodeChickenCore-1.7.10-1.0.6.43-universal.jar
[07:20:12] [main/TRACE] [FML/]: Adding CodeChickenCore-1.7.10-1.0.6.43-universal.jar to the list of known coremods, it will not be examined again
[07:20:12] [main/DEBUG] [FML/]: Instantiating coremod class CodeChickenCorePlugin
[07:20:13] [main/WARN] [FML/]: The coremod codechicken.core.launch.CodeChickenCorePlugin does not have a MCVersion annotation, it may cause issues with this version of Minecraft
[07:20:14] [main/INFO] [STDERR/]: [codechicken.core.launch.DepLoader$DepLoadInst:checkExisting:436]: Warning: version of CodeChickenLib, 1.1.3.138 is newer than request 1.1.3.136
[07:20:14] [main/DEBUG] [FML/]: Added access transformer class codechicken.core.asm.CodeChickenAccessTransformer to enqueued access transformers
[07:20:14] [main/DEBUG] [FML/]: Enqueued coremod CodeChickenCorePlugin
[07:20:14] [main/DEBUG] [FML/]: Examining for coremod candidacy CodeChickenLib-1.7.10-1.1.3.138-universal.jar
[07:20:14] [main/DEBUG] [FML/]: Not found coremod data in CodeChickenLib-1.7.10-1.1.3.138-universal.jar
[07:20:14] [main/DEBUG] [FML/]: Examining for coremod candidacy NotEnoughItems-1.7.10-1.0.4.107-universal.jar
[07:20:14] [main/TRACE] [FML/]: Adding NotEnoughItems-1.7.10-1.0.4.107-universal.jar to the list of known coremods, it will not be examined again
[07:20:14] [main/DEBUG] [FML/]: Instantiating coremod class NEICorePlugin
[07:20:14] [main/WARN] [FML/]: The coremod codechicken.nei.asm.NEICorePlugin does not have a MCVersion annotation, it may cause issues with this version of Minecraft
[07:20:15] [main/DEBUG] [FML/]: Enqueued coremod NEICorePlugin
[07:20:15] [main/INFO] [LaunchWrapper/]: Calling tweak class net.minecraftforge.gradle.tweakers.CoremodTweaker
[07:20:15] [main/INFO] [GradleStart/]: Injecting location in coremod cpw.mods.fml.relauncher.FMLCorePlugin
[07:20:15] [main/INFO] [GradleStart/]: Injecting location in coremod net.minecraftforge.classloading.FMLForgePlugin
[07:20:15] [main/INFO] [GradleStart/]: Injecting location in coremod codechicken.core.asm.MCPDeobfuscationTransformer.LoadPlugin
[07:20:15] [main/INFO] [GradleStart/]: Injecting location in coremod codechicken.core.launch.CodeChickenCorePlugin
[07:20:15] [main/INFO] [GradleStart/]: Injecting location in coremod codechicken.nei.asm.NEICorePlugin
[07:20:15] [main/INFO] [LaunchWrapper/]: Loading tweak class name cpw.mods.fml.common.launcher.FMLInjectionAndSortingTweaker
[07:20:15] [main/INFO] [LaunchWrapper/]: Loading tweak class name cpw.mods.fml.common.launcher.FMLDeobfTweaker
[07:20:15] [main/INFO] [LaunchWrapper/]: Loading tweak class name net.minecraftforge.gradle.tweakers.AccessTransformerTweaker
[07:20:15] [main/INFO] [LaunchWrapper/]: Calling tweak class cpw.mods.fml.common.launcher.FMLInjectionAndSortingTweaker
[07:20:15] [main/INFO] [LaunchWrapper/]: Calling tweak class cpw.mods.fml.common.launcher.FMLInjectionAndSortingTweaker
[07:20:15] [main/INFO] [LaunchWrapper/]: Calling tweak class cpw.mods.fml.relauncher.CoreModManager$FMLPluginWrapper
[07:20:15] [main/DEBUG] [FML/]: Injecting coremod FMLCorePlugin {cpw.mods.fml.relauncher.FMLCorePlugin} class transformers
[07:20:15] [main/TRACE] [FML/]: Registering transformer cpw.mods.fml.common.asm.transformers.MarkerTransformer
[07:20:15] [main/TRACE] [FML/]: Registering transformer cpw.mods.fml.common.asm.transformers.SideTransformer
[07:20:15] [main/TRACE] [FML/]: Registering transformer cpw.mods.fml.common.asm.transformers.EventSubscriptionTransformer
[07:20:15] [main/DEBUG] [FML/]: Injection complete
[07:20:15] [main/DEBUG] [FML/]: Running coremod plugin for FMLCorePlugin {cpw.mods.fml.relauncher.FMLCorePlugin}
[07:20:15] [main/DEBUG] [FML/]: Running coremod plugin FMLCorePlugin
[07:20:16] [main/ERROR] [FML/]: The binary patch set is missing. Either you are in a development environment, or things are not going to work!
[07:20:22] [main/ERROR] [FML/]: FML appears to be missing any signature data. This is not a good thing
[07:20:22] [main/DEBUG] [FML/]: Coremod plugin class FMLCorePlugin run successfully
[07:20:22] [main/INFO] [LaunchWrapper/]: Calling tweak class cpw.mods.fml.relauncher.CoreModManager$FMLPluginWrapper
[07:20:22] [main/DEBUG] [FML/]: Injecting coremod FMLForgePlugin {net.minecraftforge.classloading.FMLForgePlugin} class transformers
[07:20:22] [main/TRACE] [FML/]: Registering transformer net.minecraftforge.classloading.FluidIdTransformer
[07:20:22] [main/DEBUG] [FML/]: Injection complete
[07:20:22] [main/DEBUG] [FML/]: Running coremod plugin for FMLForgePlugin {net.minecraftforge.classloading.FMLForgePlugin}
[07:20:22] [main/DEBUG] [FML/]: Running coremod plugin FMLForgePlugin
[07:20:22] [main/DEBUG] [FML/]: Coremod plugin class FMLForgePlugin run successfully
[07:20:22] [main/INFO] [LaunchWrapper/]: Calling tweak class cpw.mods.fml.relauncher.CoreModManager$FMLPluginWrapper
[07:20:22] [main/DEBUG] [FML/]: Injecting coremod CCCDeobfPlugin {codechicken.core.asm.MCPDeobfuscationTransformer$LoadPlugin} class transformers
[07:20:22] [main/DEBUG] [FML/]: Injection complete
[07:20:22] [main/DEBUG] [FML/]: Running coremod plugin for CCCDeobfPlugin {codechicken.core.asm.MCPDeobfuscationTransformer$LoadPlugin}
[07:20:22] [main/DEBUG] [FML/]: Running coremod plugin CCCDeobfPlugin
[07:20:24] [main/DEBUG] [FML/]: Coremod plugin class LoadPlugin run successfully
[07:20:24] [main/INFO] [LaunchWrapper/]: Calling tweak class cpw.mods.fml.relauncher.CoreModManager$FMLPluginWrapper
[07:20:24] [main/DEBUG] [FML/]: Injecting coremod CodeChickenCorePlugin {codechicken.core.launch.CodeChickenCorePlugin} class transformers
[07:20:24] [main/TRACE] [FML/]: Registering transformer codechicken.lib.asm.ClassHeirachyManager
[07:20:24] [main/TRACE] [FML/]: Registering transformer codechicken.core.asm.InterfaceDependancyTransformer
[07:20:24] [main/TRACE] [FML/]: Registering transformer codechicken.core.asm.TweakTransformer
[07:20:25] [main/TRACE] [FML/]: Registering transformer codechicken.core.asm.DelegatedTransformer
[07:20:25] [main/TRACE] [FML/]: Registering transformer codechicken.core.asm.DefaultImplementationTransformer
[07:20:25] [main/DEBUG] [FML/]: Injection complete
[07:20:25] [main/DEBUG] [FML/]: Running coremod plugin for CodeChickenCorePlugin {codechicken.core.launch.CodeChickenCorePlugin}
[07:20:25] [main/DEBUG] [FML/]: Running coremod plugin CodeChickenCorePlugin
[07:20:25] [main/DEBUG] [FML/]: Coremod plugin class CodeChickenCorePlugin run successfully
[07:20:25] [main/INFO] [LaunchWrapper/]: Calling tweak class cpw.mods.fml.relauncher.CoreModManager$FMLPluginWrapper
[07:20:25] [main/DEBUG] [FML/]: Injecting coremod NEICorePlugin {codechicken.nei.asm.NEICorePlugin} class transformers
[07:20:25] [main/TRACE] [FML/]: Registering transformer codechicken.nei.asm.NEITransformer
[07:20:25] [main/DEBUG] [FML/]: Injection complete
[07:20:25] [main/DEBUG] [FML/]: Running coremod plugin for NEICorePlugin {codechicken.nei.asm.NEICorePlugin}
[07:20:25] [main/DEBUG] [FML/]: Running coremod plugin NEICorePlugin
[07:20:25] [main/DEBUG] [FML/]: Coremod plugin class NEICorePlugin run successfully
[07:20:25] [main/INFO] [LaunchWrapper/]: Calling tweak class cpw.mods.fml.common.launcher.FMLDeobfTweaker
[07:20:25] [main/DEBUG] [FML/]: Loaded 57 rules from AccessTransformer config file fml_at.cfg
[07:20:25] [main/DEBUG] [FML/]: Loaded 89 rules from AccessTransformer config file forge_at.cfg
[07:20:25] [main/DEBUG] [FML/]: Loaded 57 rules from AccessTransformer config file fml_at.cfg
[07:20:25] [main/DEBUG] [FML/]: Loaded 11 rules from AccessTransformer mod jar file C:\Users\Monique\Desktop\Java Coding\Mods\GuiElevator [1.7.10]\eclipse\mods\NotEnoughItems-1.7.10-1.0.4.107-universal.jar!META-INF/nei_at.cfg

[07:20:25] [main/DEBUG] [FML/]: Validating minecraft
[07:20:28] [main/DEBUG] [FML/]: Minecraft validated, launching...
[07:20:28] [main/INFO] [LaunchWrapper/]: Calling tweak class net.minecraftforge.gradle.tweakers.AccessTransformerTweaker
[07:20:28] [main/DEBUG] [GradleStart/]: Reading CSV file: C:\Users\Monique\.gradle\caches\minecraft\net\minecraftforge\forge\1.7.10-10.13.4.1558-1.7.10\unpacked\conf\fields.csv
[07:20:29] [main/DEBUG] [GradleStart/]: Reading CSV file: C:\Users\Monique\.gradle\caches\minecraft\net\minecraftforge\forge\1.7.10-10.13.4.1558-1.7.10\unpacked\conf\methods.csv
[07:20:29] [main/INFO] [GradleStart/]: Remapping AccessTransformer rules...
[07:20:29] [main/INFO] [LaunchWrapper/]: Loading tweak class name cpw.mods.fml.common.launcher.TerminalTweaker
[07:20:29] [main/INFO] [LaunchWrapper/]: Calling tweak class cpw.mods.fml.common.launcher.TerminalTweaker
[07:20:33] [main/INFO] [LaunchWrapper/]: Launching wrapped minecraft {net.minecraft.server.MinecraftServer}
[07:20:35] [main/DEBUG] [CCL ASM/]: Writing method [net/minecraft/block/Block.canBeReplacedByLeaves(Lnet/minecraft/world/IBlockAccess;III)Z]
[07:20:39] [main/DEBUG] [CCL ASM/]: Injecting before method [net/minecraft/nbt/NBTTagCompound.toString()Ljava/lang/String;] @ 52 - 56
[07:20:40] [main/DEBUG] [CCL ASM/]: Injecting before method [net/minecraft/nbt/NBTTagList.toString()Ljava/lang/String;] @ 56 - 60
[07:21:02] [main/WARN] [FML/]: =============================================================
[07:21:02] [main/WARN] [FML/]: MOD HAS DIRECT REFERENCE System.exit() THIS IS NOT ALLOWED REROUTING TO FML!
[07:21:02] [main/WARN] [FML/]: Offendor: net/minecraft/server/gui/MinecraftServerGui$1.windowClosing(Ljava/awt/event/WindowEvent;)V
[07:21:02] [main/WARN] [FML/]: Use FMLCommonHandler.exitJava instead
[07:21:02] [main/WARN] [FML/]: =============================================================
[07:21:04] [Server thread/INFO] [MinecraftForge/]: Attempting early MinecraftForge initialization
[07:21:05] [Server thread/INFO] [FML/]: MinecraftForge v10.13.4.1558 Initialized
[07:21:05] [Server thread/INFO] [FML/]: Replaced 183 ore recipies
[07:21:07] [Server thread/INFO] [MinecraftForge/]: Completed early MinecraftForge initialization
[07:21:07] [Server thread/DEBUG] [FML/]: File C:\Users\Monique\Desktop\Java Coding\Mods\GuiElevator [1.7.10]\eclipse\config\injectedDependencies.json not found. No dependencies injected
[07:21:08] [Server thread/DEBUG] [FML/]: Building injected Mod Containers [cpw.mods.fml.common.FMLContainer, net.minecraftforge.common.ForgeModContainer, codechicken.core.asm.CodeChickenCoreModContainer, codechicken.nei.NEIModContainer]
[07:21:09] [Server thread/DEBUG] [FML/]: Attempting to load mods contained in the minecraft jar file and associated classes
[07:21:09] [Server thread/DEBUG] [FML/]: Found a minecraft related directory at C:\Users\Monique\Desktop\Java Coding\Mods\GuiElevator [1.7.10]\bin, examining for mod candidates
[07:21:09] [Server thread/DEBUG] [FML/]: Found a minecraft related file at C:\Users\Monique\.gradle\caches\minecraft\net\minecraftforge\forge\1.7.10-10.13.4.1558-1.7.10\forgeSrc-1.7.10-10.13.4.1558-1.7.10.jar, examining for mod candidates
[07:21:09] [Server thread/DEBUG] [FML/]: Found a minecraft related file at C:\Users\Monique\.gradle\caches\modules-2\files-2.1\net.minecraft\launchwrapper\1.12\111e7bea9c968cdb3d06ef4632bf7ff0824d0f36\launchwrapper-1.12.jar, examining for mod candidates
[07:21:09] [Server thread/DEBUG] [FML/]: Found a minecraft related file at C:\Users\Monique\.gradle\caches\modules-2\files-2.1\com.google.code.findbugs\jsr305\1.3.9\40719ea6961c0cb6afaeb6a921eaa1f6afd4cfdf\jsr305-1.3.9.jar, examining for mod candidates
[07:21:09] [Server thread/DEBUG] [FML/]: Found a minecraft related file at C:\Users\Monique\.gradle\caches\modules-2\files-2.1\org.ow2.asm\asm-debug-all\5.0.3\f9e364ae2a66ce2a543012a4668856e84e5dab74\asm-debug-all-5.0.3.jar, examining for mod candidates
[07:21:09] [Server thread/DEBUG] [FML/]: Found a minecraft related file at C:\Users\Monique\.gradle\caches\modules-2\files-2.1\com.typesafe.akka\akka-actor_2.11\2.3.3\ed62e9fc709ca0f2ff1a3220daa8b70a2870078e\akka-actor_2.11-2.3.3.jar, examining for mod candidates
[07:21:09] [Server thread/DEBUG] [FML/]: Found a minecraft related file at C:\Users\Monique\.gradle\caches\modules-2\files-2.1\com.typesafe\config\1.2.1\f771f71fdae3df231bcd54d5ca2d57f0bf93f467\config-1.2.1.jar, examining for mod candidates
[07:21:09] [Server thread/DEBUG] [FML/]: Found a minecraft related file at C:\Users\Monique\.gradle\caches\modules-2\files-2.1\org.scala-lang\scala-actors-migration_2.11\1.1.0\dfa8bc42b181d5b9f1a5dd147f8ae308b893eb6f\scala-actors-migration_2.11-1.1.0.jar, examining for mod candidates
[07:21:09] [Server thread/DEBUG] [FML/]: Found a minecraft related file at C:\Users\Monique\.gradle\caches\modules-2\files-2.1\org.scala-lang\scala-compiler\2.11.1\56ea2e6c025e0821f28d73ca271218b8dd04926a\scala-compiler-2.11.1.jar, examining for mod candidates
[07:21:09] [Server thread/DEBUG] [FML/]: Found a minecraft related file at C:\Users\Monique\.gradle\caches\modules-2\files-2.1\org.scala-lang.plugins\scala-continuations-library_2.11\1.0.2\e517c53a7e9acd6b1668c5a35eccbaa3bab9aac\scala-continuations-library_2.11-1.0.2.jar, examining for mod candidates
[07:21:09] [Server thread/DEBUG] [FML/]: Found a minecraft related file at C:\Users\Monique\.gradle\caches\modules-2\files-2.1\org.scala-lang.plugins\scala-continuations-plugin_2.11.1\1.0.2\f361a3283452c57fa30c1ee69448995de23c60f7\scala-continuations-plugin_2.11.1-1.0.2.jar, examining for mod candidates
[07:21:09] [Server thread/DEBUG] [FML/]: Found a minecraft related file at C:\Users\Monique\.gradle\caches\modules-2\files-2.1\org.scala-lang\scala-library\2.11.1\e11da23da3eabab9f4777b9220e60d44c1aab6a\scala-library-2.11.1.jar, examining for mod candidates
[07:21:09] [Server thread/DEBUG] [FML/]: Found a minecraft related file at C:\Users\Monique\.gradle\caches\modules-2\files-2.1\org.scala-lang\scala-parser-combinators_2.11\1.0.1\f05d7345bf5a58924f2837c6c1f4d73a938e1ff0\scala-parser-combinators_2.11-1.0.1.jar, examining for mod candidates
[07:21:09] [Server thread/DEBUG] [FML/]: Found a minecraft related file at C:\Users\Monique\.gradle\caches\modules-2\files-2.1\org.scala-lang\scala-reflect\2.11.1\6580347e61cc7f8e802941e7fde40fa83b8badeb\scala-reflect-2.11.1.jar, examining for mod candidates
[07:21:09] [Server thread/DEBUG] [FML/]: Found a minecraft related file at C:\Users\Monique\.gradle\caches\modules-2\files-2.1\org.scala-lang\scala-swing_2.11\1.0.1\b1cdd92bd47b1e1837139c1c53020e86bb9112ae\scala-swing_2.11-1.0.1.jar, examining for mod candidates
[07:21:09] [Server thread/DEBUG] [FML/]: Found a minecraft related file at C:\Users\Monique\.gradle\caches\modules-2\files-2.1\org.scala-lang\scala-xml_2.11\1.0.2\7a80ec00aec122fba7cd4e0d4cdd87ff7e4cb6d0\scala-xml_2.11-1.0.2.jar, examining for mod candidates
[07:21:09] [Server thread/DEBUG] [FML/]: Found a minecraft related file at C:\Users\Monique\.gradle\caches\modules-2\files-2.1\net.sf.jopt-simple\jopt-simple\4.5\6065cc95c661255349c1d0756657be17c29a4fd3\jopt-simple-4.5.jar, examining for mod candidates
[07:21:09] [Server thread/DEBUG] [FML/]: Found a minecraft related file at C:\Users\Monique\.gradle\caches\modules-2\files-2.1\lzma\lzma\0.0.1\521616dc7487b42bef0e803bd2fa3faf668101d7\lzma-0.0.1.jar, examining for mod candidates
[07:21:09] [Server thread/DEBUG] [FML/]: Found a minecraft related file at C:\Users\Monique\.gradle\caches\modules-2\files-2.1\com.mojang\realms\1.3.5\807ae355ee63583becd7ea60e76aab1532bb42e\realms-1.3.5.jar, examining for mod candidates
[07:21:09] [Server thread/DEBUG] [FML/]: Found a minecraft related file at C:\Users\Monique\.gradle\caches\modules-2\files-2.1\org.apache.commons\commons-compress\1.8.1\a698750c16740fd5b3871425f4cb3bbaa87f529d\commons-compress-1.8.1.jar, examining for mod candidates
[07:21:09] [Server thread/DEBUG] [FML/]: Found a minecraft related file at C:\Users\Monique\.gradle\caches\modules-2\files-2.1\org.apache.httpcomponents\httpclient\4.3.3\18f4247ff4572a074444572cee34647c43e7c9c7\httpclient-4.3.3.jar, examining for mod candidates
[07:21:09] [Server thread/DEBUG] [FML/]: Found a minecraft related file at C:\Users\Monique\.gradle\caches\modules-2\files-2.1\commons-logging\commons-logging\1.1.3\f6f66e966c70a83ffbdb6f17a0919eaf7c8aca7f\commons-logging-1.1.3.jar, examining for mod candidates
[07:21:09] [Server thread/DEBUG] [FML/]: Found a minecraft related file at C:\Users\Monique\.gradle\caches\modules-2\files-2.1\org.apache.httpcomponents\httpcore\4.3.2\31fbbff1ddbf98f3aa7377c94d33b0447c646b6e\httpcore-4.3.2.jar, examining for mod candidates
[07:21:09] [Server thread/DEBUG] [FML/]: Found a minecraft related file at C:\Users\Monique\.gradle\caches\modules-2\files-2.1\java3d\vecmath\1.3.1\a0ae4f51da409fa0c20fa0ca59e6bbc9413ae71d\vecmath-1.3.1.jar, examining for mod candidates
[07:21:09] [Server thread/DEBUG] [FML/]: Found a minecraft related file at C:\Users\Monique\.gradle\caches\modules-2\files-2.1\net.sf.trove4j\trove4j\3.0.3\42ccaf4761f0dfdfa805c9e340d99a755907e2dd\trove4j-3.0.3.jar, examining for mod candidates
[07:21:09] [Server thread/DEBUG] [FML/]: Found a minecraft related file at C:\Users\Monique\.gradle\caches\modules-2\files-2.1\com.ibm.icu\icu4j-core-mojang\51.2\63d216a9311cca6be337c1e458e587f99d382b84\icu4j-core-mojang-51.2.jar, examining for mod candidates
[07:21:09] [Server thread/DEBUG] [FML/]: Found a minecraft related file at C:\Users\Monique\.gradle\caches\modules-2\files-2.1\com.paulscode\codecjorbis\20101023\c73b5636faf089d9f00e8732a829577de25237ee\codecjorbis-20101023.jar, examining for mod candidates
[07:21:09] [Server thread/DEBUG] [FML/]: Found a minecraft related file at C:\Users\Monique\.gradle\caches\modules-2\files-2.1\com.paulscode\codecwav\20101023\12f031cfe88fef5c1dd36c563c0a3a69bd7261da\codecwav-20101023.jar, examining for mod candidates
[07:21:09] [Server thread/DEBUG] [FML/]: Found a minecraft related file at C:\Users\Monique\.gradle\caches\modules-2\files-2.1\com.paulscode\libraryjavasound\20101123\5c5e304366f75f9eaa2e8cca546a1fb6109348b3\libraryjavasound-20101123.jar, examining for mod candidates
[07:21:09] [Server thread/DEBUG] [FML/]: Found a minecraft related file at C:\Users\Monique\.gradle\caches\modules-2\files-2.1\com.paulscode\librarylwjglopenal\20100824\73e80d0794c39665aec3f62eee88ca91676674ef\librarylwjglopenal-20100824.jar, examining for mod candidates
[07:21:09] [Server thread/DEBUG] [FML/]: Found a minecraft related file at C:\Users\Monique\.gradle\caches\modules-2\files-2.1\com.paulscode\soundsystem\20120107\419c05fe9be71f792b2d76cfc9b67f1ed0fec7f6\soundsystem-20120107.jar, examining for mod candidates
[07:21:09] [Server thread/DEBUG] [FML/]: Found a minecraft related file at C:\Users\Monique\.gradle\caches\modules-2\files-2.1\io.netty\netty-all\4.0.10.Final\9e50bd52ffe257a0e2cd8d971688d6ce7d174325\netty-all-4.0.10.Final.jar, examining for mod candidates
[07:21:09] [Server thread/DEBUG] [FML/]: Found a minecraft related file at C:\Users\Monique\.gradle\caches\modules-2\files-2.1\com.google.guava\guava\17.0\9c6ef172e8de35fd8d4d8783e4821e57cdef7445\guava-17.0.jar, examining for mod candidates
[07:21:09] [Server thread/DEBUG] [FML/]: Found a minecraft related file at C:\Users\Monique\.gradle\caches\modules-2\files-2.1\org.apache.commons\commons-lang3\3.3.2\90a3822c38ec8c996e84c16a3477ef632cbc87a3\commons-lang3-3.3.2.jar, examining for mod candidates
[07:21:09] [Server thread/DEBUG] [FML/]: Found a minecraft related file at C:\Users\Monique\.gradle\caches\modules-2\files-2.1\commons-io\commons-io\2.4\b1b6ea3b7e4aa4f492509a4952029cd8e48019ad\commons-io-2.4.jar, examining for mod candidates
[07:21:09] [Server thread/DEBUG] [FML/]: Found a minecraft related file at C:\Users\Monique\.gradle\caches\modules-2\files-2.1\commons-codec\commons-codec\1.9\9ce04e34240f674bc72680f8b843b1457383161a\commons-codec-1.9.jar, examining for mod candidates
[07:21:09] [Server thread/DEBUG] [FML/]: Found a minecraft related file at C:\Users\Monique\.gradle\caches\modules-2\files-2.1\net.java.jinput\jinput\2.0.5\39c7796b469a600f72380316f6b1f11db6c2c7c4\jinput-2.0.5.jar, examining for mod candidates
[07:21:09] [Server thread/DEBUG] [FML/]: Found a minecraft related file at C:\Users\Monique\.gradle\caches\modules-2\files-2.1\net.java.jutils\jutils\1.0.0\e12fe1fda814bd348c1579329c86943d2cd3c6a6\jutils-1.0.0.jar, examining for mod candidates
[07:21:09] [Server thread/DEBUG] [FML/]: Found a minecraft related file at C:\Users\Monique\.gradle\caches\modules-2\files-2.1\com.google.code.gson\gson\2.2.4\a60a5e993c98c864010053cb901b7eab25306568\gson-2.2.4.jar, examining for mod candidates
[07:21:09] [Server thread/DEBUG] [FML/]: Found a minecraft related file at C:\Users\Monique\.gradle\caches\modules-2\files-2.1\com.mojang\authlib\1.5.16\ef1582b11fd0943d069cdcb72e99008ac209a283\authlib-1.5.16.jar, examining for mod candidates
[07:21:09] [Server thread/DEBUG] [FML/]: Found a minecraft related file at C:\Users\Monique\.gradle\caches\modules-2\files-2.1\org.apache.logging.log4j\log4j-api\2.0-beta9\1dd66e68cccd907880229f9e2de1314bd13ff785\log4j-api-2.0-beta9.jar, examining for mod candidates
[07:21:09] [Server thread/DEBUG] [FML/]: Found a minecraft related file at C:\Users\Monique\.gradle\caches\modules-2\files-2.1\org.apache.logging.log4j\log4j-core\2.0-beta9\678861ba1b2e1fccb594bb0ca03114bb05da9695\log4j-core-2.0-beta9.jar, examining for mod candidates
[07:21:09] [Server thread/DEBUG] [FML/]: Found a minecraft related file at C:\Users\Monique\.gradle\caches\modules-2\files-2.1\org.lwjgl.lwjgl\lwjgl\2.9.1\f58c5aabcef0e41718a564be9f8e412fff8db847\lwjgl-2.9.1.jar, examining for mod candidates
[07:21:09] [Server thread/DEBUG] [FML/]: Found a minecraft related file at C:\Users\Monique\.gradle\caches\modules-2\files-2.1\org.lwjgl.lwjgl\lwjgl_util\2.9.1\290d7ba8a1bd9566f5ddf16ad06f09af5ec9b20e\lwjgl_util-2.9.1.jar, examining for mod candidates
[07:21:09] [Server thread/DEBUG] [FML/]: Found a minecraft related file at C:\Users\Monique\.gradle\caches\modules-2\files-2.1\tv.twitch\twitch\5.16\1f55f009c61637c10c0acfb8b5ffc600f30044b4\twitch-5.16.jar, examining for mod candidates
[07:21:09] [Server thread/DEBUG] [FML/]: Found a minecraft related file at C:\Users\Monique\.gradle\caches\modules-2\files-2.1\org.scala-lang\scala-actors\2.11.0\8ccfb6541de179bb1c4d45cf414acee069b7f78b\scala-actors-2.11.0.jar, examining for mod candidates
[07:21:09] [Server thread/DEBUG] [FML/]: Found a minecraft related file at C:\Users\Monique\.gradle\caches\modules-2\files-2.1\org.scala-lang.modules\scala-xml_2.11\1.0.2\820fbca7e524b530fdadc594c39d49a21ea0337e\scala-xml_2.11-1.0.2.jar, examining for mod candidates
[07:21:09] [Server thread/DEBUG] [FML/]: Found a minecraft related file at C:\Users\Monique\.gradle\caches\modules-2\files-2.1\org.scala-lang.modules\scala-parser-combinators_2.11\1.0.1\f05d7345bf5a58924f2837c6c1f4d73a938e1ff0\scala-parser-combinators_2.11-1.0.1.jar, examining for mod candidates
[07:21:09] [Server thread/DEBUG] [FML/]: Found a minecraft related file at C:\Users\Monique\.gradle\caches\modules-2\files-2.1\net.java.jinput\jinput-platform\2.0.5\7ff832a6eb9ab6a767f1ade2b548092d0fa64795\jinput-platform-2.0.5-natives-linux.jar, examining for mod candidates
[07:21:09] [Server thread/DEBUG] [FML/]: Found a minecraft related file at C:\Users\Monique\.gradle\caches\modules-2\files-2.1\net.java.jinput\jinput-platform\2.0.5\385ee093e01f587f30ee1c8a2ee7d408fd732e16\jinput-platform-2.0.5-natives-windows.jar, examining for mod candidates
[07:21:09] [Server thread/DEBUG] [FML/]: Found a minecraft related file at C:\Users\Monique\.gradle\caches\modules-2\files-2.1\net.java.jinput\jinput-platform\2.0.5\53f9c919f34d2ca9de8c51fc4e1e8282029a9232\jinput-platform-2.0.5-natives-osx.jar, examining for mod candidates
[07:21:09] [Server thread/DEBUG] [FML/]: Found a minecraft related file at C:\Users\Monique\.gradle\caches\modules-2\files-2.1\tv.twitch\twitch-platform\5.16\7c6affe439099806a4f552da14c42f9d643d8b23\twitch-platform-5.16-natives-windows-32.jar, examining for mod candidates
[07:21:09] [Server thread/DEBUG] [FML/]: Found a minecraft related file at C:\Users\Monique\.gradle\caches\modules-2\files-2.1\tv.twitch\twitch-platform\5.16\39d0c3d363735b4785598e0e7fbf8297c706a9f9\twitch-platform-5.16-natives-windows-64.jar, examining for mod candidates
[07:21:09] [Server thread/DEBUG] [FML/]: Found a minecraft related file at C:\Users\Monique\.gradle\caches\modules-2\files-2.1\tv.twitch\twitch-platform\5.16\62503ee712766cf77f97252e5902786fd834b8c5\twitch-platform-5.16-natives-osx.jar, examining for mod candidates
[07:21:09] [Server thread/DEBUG] [FML/]: Found a minecraft related file at C:\Users\Monique\.gradle\caches\modules-2\files-2.1\tv.twitch\twitch-external-platform\4.5\18215140f010c05b9f86ef6f0f8871954d2ccebf\twitch-external-platform-4.5-natives-windows-32.jar, examining for mod candidates
[07:21:09] [Server thread/DEBUG] [FML/]: Found a minecraft related file at C:\Users\Monique\.gradle\caches\modules-2\files-2.1\tv.twitch\twitch-external-platform\4.5\c3cde57891b935d41b6680a9c5e1502eeab76d86\twitch-external-platform-4.5-natives-windows-64.jar, examining for mod candidates
[07:21:09] [Server thread/DEBUG] [FML/]: Found a minecraft related file at C:\Users\Monique\.gradle\caches\modules-2\files-2.1\org.lwjgl.lwjgl\lwjgl-platform\2.9.1\4c517eca808522457dd95ee8fc1fbcdbb602efbe\lwjgl-platform-2.9.1-natives-windows.jar, examining for mod candidates
[07:21:09] [Server thread/DEBUG] [FML/]: Found a minecraft related file at C:\Users\Monique\.gradle\caches\modules-2\files-2.1\org.lwjgl.lwjgl\lwjgl-platform\2.9.1\aa9aae879af8eb378e22cfc64db56ec2ca9a44d1\lwjgl-platform-2.9.1-natives-linux.jar, examining for mod candidates
[07:21:09] [Server thread/DEBUG] [FML/]: Found a minecraft related file at C:\Users\Monique\.gradle\caches\modules-2\files-2.1\org.lwjgl.lwjgl\lwjgl-platform\2.9.1\2d12c83fdfbc04ecabf02c7bc8cc54d034f0daac\lwjgl-platform-2.9.1-natives-osx.jar, examining for mod candidates
[07:21:09] [Server thread/DEBUG] [FML/]: Found a minecraft related directory at C:\Users\Monique\.gradle\caches\minecraft\net\minecraftforge\forge\1.7.10-10.13.4.1558-1.7.10\start, examining for mod candidates
[07:21:09] [Server thread/TRACE] [FML/]: Skipping known library file C:\Users\Monique\Desktop\Java Coding\Mods\GuiElevator [1.7.10]\eclipse\mods\CodeChickenCore-1.7.10-1.0.6.43-universal.jar
[07:21:09] [Server thread/DEBUG] [FML/]: Found a minecraft related file at C:\Users\Monique\Desktop\Java Coding\Mods\GuiElevator [1.7.10]\eclipse\.\mods\1.7.10\CodeChickenLib-1.7.10-1.1.3.138-universal.jar, examining for mod candidates
[07:21:09] [Server thread/TRACE] [FML/]: Skipping known library file C:\Users\Monique\Desktop\Java Coding\Mods\GuiElevator [1.7.10]\eclipse\mods\NotEnoughItems-1.7.10-1.0.4.107-universal.jar
[07:21:09] [Server thread/DEBUG] [FML/]: Minecraft jar mods loaded successfully
[07:21:09] [Server thread/INFO] [FML/]: Found 0 mods from the command line. Injecting into mod discoverer
[07:21:09] [Server thread/INFO] [FML/]: Searching C:\Users\Monique\Desktop\Java Coding\Mods\GuiElevator [1.7.10]\eclipse\mods for mods
[07:21:09] [Server thread/DEBUG] [FML/]: Found a candidate mod directory 1.7.10
[07:21:09] [Server thread/TRACE] [FML/]: Skipping already parsed coremod or tweaker CodeChickenCore-1.7.10-1.0.6.43-universal.jar
[07:21:09] [Server thread/TRACE] [FML/]: Skipping already parsed coremod or tweaker NotEnoughItems-1.7.10-1.0.4.107-universal.jar
[07:21:09] [Server thread/INFO] [FML/]: Also searching C:\Users\Monique\Desktop\Java Coding\Mods\GuiElevator [1.7.10]\eclipse\mods\1.7.10 for mods
[07:21:09] [Server thread/DEBUG] [FML/]: Found a candidate zip or jar file CodeChickenLib-1.7.10-1.1.3.138-universal.jar
[07:21:09] [Server thread/DEBUG] [FML/]: Examining directory bin for potential mods
[07:21:09] [Server thread/DEBUG] [FML/]: Found an mcmod.info file in directory bin
[07:21:09] [Server thread/TRACE] [FML/]: Recursing into package assets
[07:21:09] [Server thread/TRACE] [FML/]: Recursing into package assets.guielevator
[07:21:10] [Server thread/TRACE] [FML/]: Recursing into package assets.guielevator.lang
[07:21:10] [Server thread/TRACE] [FML/]: Recursing into package assets.guielevator.textures
[07:21:10] [Server thread/TRACE] [FML/]: Recursing into package assets.guielevator.textures.blocks
[07:21:10] [Server thread/TRACE] [FML/]: Recursing into package assets.guielevator.textures.gui
[07:21:11] [Server thread/TRACE] [FML/]: Recursing into package com
[07:21:11] [Server thread/TRACE] [FML/]: Recursing into package com.forgewareinc
[07:21:11] [Server thread/TRACE] [FML/]: Recursing into package com.forgewareinc.elrol
[07:21:11] [Server thread/TRACE] [FML/]: Recursing into package com.forgewareinc.elrol.guiElevator
[07:21:12] [Server thread/DEBUG] [FML/]: Identified a mod of type Lcpw/mods/fml/common/Mod; (com.forgewareinc.elrol.guiElevator.ElevatorMain) - loading
[07:21:12] [Server thread/TRACE] [guielevator/]: Parsed dependency info : [] [] []
[07:21:12] [Server thread/TRACE] [FML/]: Recursing into package com.forgewareinc.elrol.guiElevator.gui
[07:21:13] [Server thread/TRACE] [FML/]: Recursing into package com.forgewareinc.elrol.guiElevator.network
[07:21:16] [Server thread/TRACE] [FML/]: Recursing into package com.forgewareinc.elrol.guiElevator.proxy
[07:21:18] [Server thread/DEBUG] [FML/]: Examining file forgeSrc-1.7.10-10.13.4.1558-1.7.10.jar for potential mods
[07:21:18] [Server thread/DEBUG] [FML/]: The mod container forgeSrc-1.7.10-10.13.4.1558-1.7.10.jar appears to be missing an mcmod.info file
[07:21:31] [Server thread/DEBUG] [FML/]: Examining file launchwrapper-1.12.jar for potential mods
[07:21:31] [Server thread/DEBUG] [FML/]: The mod container launchwrapper-1.12.jar appears to be missing an mcmod.info file
[07:21:31] [Server thread/DEBUG] [FML/]: Examining file jsr305-1.3.9.jar for potential mods
[07:21:31] [Server thread/DEBUG] [FML/]: The mod container jsr305-1.3.9.jar appears to be missing an mcmod.info file
[07:21:31] [Server thread/DEBUG] [FML/]: Examining file asm-debug-all-5.0.3.jar for potential mods
[07:21:31] [Server thread/DEBUG] [FML/]: The mod container asm-debug-all-5.0.3.jar appears to be missing an mcmod.info file
[07:21:31] [Server thread/DEBUG] [FML/]: Examining file akka-actor_2.11-2.3.3.jar for potential mods
[07:21:31] [Server thread/DEBUG] [FML/]: The mod container akka-actor_2.11-2.3.3.jar appears to be missing an mcmod.info file
[07:21:33] [Server thread/DEBUG] [FML/]: Examining file config-1.2.1.jar for potential mods
[07:21:33] [Server thread/DEBUG] [FML/]: The mod container config-1.2.1.jar appears to be missing an mcmod.info file
[07:21:34] [Server thread/DEBUG] [FML/]: Examining file scala-actors-migration_2.11-1.1.0.jar for potential mods
[07:21:34] [Server thread/DEBUG] [FML/]: The mod container scala-actors-migration_2.11-1.1.0.jar appears to be missing an mcmod.info file
[07:21:34] [Server thread/DEBUG] [FML/]: Examining file scala-compiler-2.11.1.jar for potential mods
[07:21:34] [Server thread/DEBUG] [FML/]: The mod container scala-compiler-2.11.1.jar appears to be missing an mcmod.info file
